2022-10-03 08:32:01,146 ----------------------------------------------------------------------------------------------------
2022-10-03 08:32:01,149 Model: "SequenceTagger(
  (embeddings): StackedEmbeddings(
    (list_embedding_0): WordEmbeddings(
      'es'
      (embedding): Embedding(985667, 300)
      (layer_norm): LayerNorm((300,), eps=1e-05, elementwise_affine=False)
    )
    (list_embedding_1): TransformerWordEmbeddings(
      (model): XLMRobertaModel(
        (embeddings): RobertaEmbeddings(
          (word_embeddings): Embedding(250002, 1024, padding_idx=1)
          (position_embeddings): Embedding(514, 1024, padding_idx=1)
          (token_type_embeddings): Embedding(1, 1024)
          (LayerNorm): LayerNorm((1024,), eps=1e-05, elementwise_affine=True)
          (dropout): Dropout(p=0.1, inplace=False)
        )
        (encoder): RobertaEncoder(
          (layer): ModuleList(
            (0): RobertaLayer(
              (attention): RobertaAttention(
                (self): RobertaSelfAttention(
                  (query): Linear(in_features=1024, out_features=1024, bias=True)
                  (key): Linear(in_features=1024, out_features=1024, bias=True)
                  (value): Linear(in_features=1024, out_features=1024, bias=True)
                  (dropout): Dropout(p=0.1, inplace=False)
                )
                (output): RobertaSelfOutput(
                  (dense): Linear(in_features=1024, out_features=1024, bias=True)
                  (LayerNorm): LayerNorm((1024,), eps=1e-05, elementwise_affine=True)
                  (dropout): Dropout(p=0.1, inplace=False)
                )
              )
              (intermediate): RobertaIntermediate(
                (dense): Linear(in_features=1024, out_features=4096, bias=True)
                (intermediate_act_fn): GELUActivation()
              )
              (output): RobertaOutput(
                (dense): Linear(in_features=4096, out_features=1024, bias=True)
                (LayerNorm): LayerNorm((1024,), eps=1e-05, elementwise_affine=True)
                (dropout): Dropout(p=0.1, inplace=False)
              )
            )
            (1): RobertaLayer(
              (attention): RobertaAttention(
                (self): RobertaSelfAttention(
                  (query): Linear(in_features=1024, out_features=1024, bias=True)
                  (key): Linear(in_features=1024, out_features=1024, bias=True)
                  (value): Linear(in_features=1024, out_features=1024, bias=True)
                  (dropout): Dropout(p=0.1, inplace=False)
                )
                (output): RobertaSelfOutput(
                  (dense): Linear(in_features=1024, out_features=1024, bias=True)
                  (LayerNorm): LayerNorm((1024,), eps=1e-05, elementwise_affine=True)
                  (dropout): Dropout(p=0.1, inplace=False)
                )
              )
              (intermediate): RobertaIntermediate(
                (dense): Linear(in_features=1024, out_features=4096, bias=True)
                (intermediate_act_fn): GELUActivation()
              )
              (output): RobertaOutput(
                (dense): Linear(in_features=4096, out_features=1024, bias=True)
                (LayerNorm): LayerNorm((1024,), eps=1e-05, elementwise_affine=True)
                (dropout): Dropout(p=0.1, inplace=False)
              )
            )
            (2): RobertaLayer(
              (attention): RobertaAttention(
                (self): RobertaSelfAttention(
                  (query): Linear(in_features=1024, out_features=1024, bias=True)
                  (key): Linear(in_features=1024, out_features=1024, bias=True)
                  (value): Linear(in_features=1024, out_features=1024, bias=True)
                  (dropout): Dropout(p=0.1, inplace=False)
                )
                (output): RobertaSelfOutput(
                  (dense): Linear(in_features=1024, out_features=1024, bias=True)
                  (LayerNorm): LayerNorm((1024,), eps=1e-05, elementwise_affine=True)
                  (dropout): Dropout(p=0.1, inplace=False)
                )
              )
              (intermediate): RobertaIntermediate(
                (dense): Linear(in_features=1024, out_features=4096, bias=True)
                (intermediate_act_fn): GELUActivation()
              )
              (output): RobertaOutput(
                (dense): Linear(in_features=4096, out_features=1024, bias=True)
                (LayerNorm): LayerNorm((1024,), eps=1e-05, elementwise_affine=True)
                (dropout): Dropout(p=0.1, inplace=False)
              )
            )
            (3): RobertaLayer(
              (attention): RobertaAttention(
                (self): RobertaSelfAttention(
                  (query): Linear(in_features=1024, out_features=1024, bias=True)
                  (key): Linear(in_features=1024, out_features=1024, bias=True)
                  (value): Linear(in_features=1024, out_features=1024, bias=True)
                  (dropout): Dropout(p=0.1, inplace=False)
                )
                (output): RobertaSelfOutput(
                  (dense): Linear(in_features=1024, out_features=1024, bias=True)
                  (LayerNorm): LayerNorm((1024,), eps=1e-05, elementwise_affine=True)
                  (dropout): Dropout(p=0.1, inplace=False)
                )
              )
              (intermediate): RobertaIntermediate(
                (dense): Linear(in_features=1024, out_features=4096, bias=True)
                (intermediate_act_fn): GELUActivation()
              )
              (output): RobertaOutput(
                (dense): Linear(in_features=4096, out_features=1024, bias=True)
                (LayerNorm): LayerNorm((1024,), eps=1e-05, elementwise_affine=True)
                (dropout): Dropout(p=0.1, inplace=False)
              )
            )
            (4): RobertaLayer(
              (attention): RobertaAttention(
                (self): RobertaSelfAttention(
                  (query): Linear(in_features=1024, out_features=1024, bias=True)
                  (key): Linear(in_features=1024, out_features=1024, bias=True)
                  (value): Linear(in_features=1024, out_features=1024, bias=True)
                  (dropout): Dropout(p=0.1, inplace=False)
                )
                (output): RobertaSelfOutput(
                  (dense): Linear(in_features=1024, out_features=1024, bias=True)
                  (LayerNorm): LayerNorm((1024,), eps=1e-05, elementwise_affine=True)
                  (dropout): Dropout(p=0.1, inplace=False)
                )
              )
              (intermediate): RobertaIntermediate(
                (dense): Linear(in_features=1024, out_features=4096, bias=True)
                (intermediate_act_fn): GELUActivation()
              )
              (output): RobertaOutput(
                (dense): Linear(in_features=4096, out_features=1024, bias=True)
                (LayerNorm): LayerNorm((1024,), eps=1e-05, elementwise_affine=True)
                (dropout): Dropout(p=0.1, inplace=False)
              )
            )
            (5): RobertaLayer(
              (attention): RobertaAttention(
                (self): RobertaSelfAttention(
                  (query): Linear(in_features=1024, out_features=1024, bias=True)
                  (key): Linear(in_features=1024, out_features=1024, bias=True)
                  (value): Linear(in_features=1024, out_features=1024, bias=True)
                  (dropout): Dropout(p=0.1, inplace=False)
                )
                (output): RobertaSelfOutput(
                  (dense): Linear(in_features=1024, out_features=1024, bias=True)
                  (LayerNorm): LayerNorm((1024,), eps=1e-05, elementwise_affine=True)
                  (dropout): Dropout(p=0.1, inplace=False)
                )
              )
              (intermediate): RobertaIntermediate(
                (dense): Linear(in_features=1024, out_features=4096, bias=True)
                (intermediate_act_fn): GELUActivation()
              )
              (output): RobertaOutput(
                (dense): Linear(in_features=4096, out_features=1024, bias=True)
                (LayerNorm): LayerNorm((1024,), eps=1e-05, elementwise_affine=True)
                (dropout): Dropout(p=0.1, inplace=False)
              )
            )
            (6): RobertaLayer(
              (attention): RobertaAttention(
                (self): RobertaSelfAttention(
                  (query): Linear(in_features=1024, out_features=1024, bias=True)
                  (key): Linear(in_features=1024, out_features=1024, bias=True)
                  (value): Linear(in_features=1024, out_features=1024, bias=True)
                  (dropout): Dropout(p=0.1, inplace=False)
                )
                (output): RobertaSelfOutput(
                  (dense): Linear(in_features=1024, out_features=1024, bias=True)
                  (LayerNorm): LayerNorm((1024,), eps=1e-05, elementwise_affine=True)
                  (dropout): Dropout(p=0.1, inplace=False)
                )
              )
              (intermediate): RobertaIntermediate(
                (dense): Linear(in_features=1024, out_features=4096, bias=True)
                (intermediate_act_fn): GELUActivation()
              )
              (output): RobertaOutput(
                (dense): Linear(in_features=4096, out_features=1024, bias=True)
                (LayerNorm): LayerNorm((1024,), eps=1e-05, elementwise_affine=True)
                (dropout): Dropout(p=0.1, inplace=False)
              )
            )
            (7): RobertaLayer(
              (attention): RobertaAttention(
                (self): RobertaSelfAttention(
                  (query): Linear(in_features=1024, out_features=1024, bias=True)
                  (key): Linear(in_features=1024, out_features=1024, bias=True)
                  (value): Linear(in_features=1024, out_features=1024, bias=True)
                  (dropout): Dropout(p=0.1, inplace=False)
                )
                (output): RobertaSelfOutput(
                  (dense): Linear(in_features=1024, out_features=1024, bias=True)
                  (LayerNorm): LayerNorm((1024,), eps=1e-05, elementwise_affine=True)
                  (dropout): Dropout(p=0.1, inplace=False)
                )
              )
              (intermediate): RobertaIntermediate(
                (dense): Linear(in_features=1024, out_features=4096, bias=True)
                (intermediate_act_fn): GELUActivation()
              )
              (output): RobertaOutput(
                (dense): Linear(in_features=4096, out_features=1024, bias=True)
                (LayerNorm): LayerNorm((1024,), eps=1e-05, elementwise_affine=True)
                (dropout): Dropout(p=0.1, inplace=False)
              )
            )
            (8): RobertaLayer(
              (attention): RobertaAttention(
                (self): RobertaSelfAttention(
                  (query): Linear(in_features=1024, out_features=1024, bias=True)
                  (key): Linear(in_features=1024, out_features=1024, bias=True)
                  (value): Linear(in_features=1024, out_features=1024, bias=True)
                  (dropout): Dropout(p=0.1, inplace=False)
                )
                (output): RobertaSelfOutput(
                  (dense): Linear(in_features=1024, out_features=1024, bias=True)
                  (LayerNorm): LayerNorm((1024,), eps=1e-05, elementwise_affine=True)
                  (dropout): Dropout(p=0.1, inplace=False)
                )
              )
              (intermediate): RobertaIntermediate(
                (dense): Linear(in_features=1024, out_features=4096, bias=True)
                (intermediate_act_fn): GELUActivation()
              )
              (output): RobertaOutput(
                (dense): Linear(in_features=4096, out_features=1024, bias=True)
                (LayerNorm): LayerNorm((1024,), eps=1e-05, elementwise_affine=True)
                (dropout): Dropout(p=0.1, inplace=False)
              )
            )
            (9): RobertaLayer(
              (attention): RobertaAttention(
                (self): RobertaSelfAttention(
                  (query): Linear(in_features=1024, out_features=1024, bias=True)
                  (key): Linear(in_features=1024, out_features=1024, bias=True)
                  (value): Linear(in_features=1024, out_features=1024, bias=True)
                  (dropout): Dropout(p=0.1, inplace=False)
                )
                (output): RobertaSelfOutput(
                  (dense): Linear(in_features=1024, out_features=1024, bias=True)
                  (LayerNorm): LayerNorm((1024,), eps=1e-05, elementwise_affine=True)
                  (dropout): Dropout(p=0.1, inplace=False)
                )
              )
              (intermediate): RobertaIntermediate(
                (dense): Linear(in_features=1024, out_features=4096, bias=True)
                (intermediate_act_fn): GELUActivation()
              )
              (output): RobertaOutput(
                (dense): Linear(in_features=4096, out_features=1024, bias=True)
                (LayerNorm): LayerNorm((1024,), eps=1e-05, elementwise_affine=True)
                (dropout): Dropout(p=0.1, inplace=False)
              )
            )
            (10): RobertaLayer(
              (attention): RobertaAttention(
                (self): RobertaSelfAttention(
                  (query): Linear(in_features=1024, out_features=1024, bias=True)
                  (key): Linear(in_features=1024, out_features=1024, bias=True)
                  (value): Linear(in_features=1024, out_features=1024, bias=True)
                  (dropout): Dropout(p=0.1, inplace=False)
                )
                (output): RobertaSelfOutput(
                  (dense): Linear(in_features=1024, out_features=1024, bias=True)
                  (LayerNorm): LayerNorm((1024,), eps=1e-05, elementwise_affine=True)
                  (dropout): Dropout(p=0.1, inplace=False)
                )
              )
              (intermediate): RobertaIntermediate(
                (dense): Linear(in_features=1024, out_features=4096, bias=True)
                (intermediate_act_fn): GELUActivation()
              )
              (output): RobertaOutput(
                (dense): Linear(in_features=4096, out_features=1024, bias=True)
                (LayerNorm): LayerNorm((1024,), eps=1e-05, elementwise_affine=True)
                (dropout): Dropout(p=0.1, inplace=False)
              )
            )
            (11): RobertaLayer(
              (attention): RobertaAttention(
                (self): RobertaSelfAttention(
                  (query): Linear(in_features=1024, out_features=1024, bias=True)
                  (key): Linear(in_features=1024, out_features=1024, bias=True)
                  (value): Linear(in_features=1024, out_features=1024, bias=True)
                  (dropout): Dropout(p=0.1, inplace=False)
                )
                (output): RobertaSelfOutput(
                  (dense): Linear(in_features=1024, out_features=1024, bias=True)
                  (LayerNorm): LayerNorm((1024,), eps=1e-05, elementwise_affine=True)
                  (dropout): Dropout(p=0.1, inplace=False)
                )
              )
              (intermediate): RobertaIntermediate(
                (dense): Linear(in_features=1024, out_features=4096, bias=True)
                (intermediate_act_fn): GELUActivation()
              )
              (output): RobertaOutput(
                (dense): Linear(in_features=4096, out_features=1024, bias=True)
                (LayerNorm): LayerNorm((1024,), eps=1e-05, elementwise_affine=True)
                (dropout): Dropout(p=0.1, inplace=False)
              )
            )
            (12): RobertaLayer(
              (attention): RobertaAttention(
                (self): RobertaSelfAttention(
                  (query): Linear(in_features=1024, out_features=1024, bias=True)
                  (key): Linear(in_features=1024, out_features=1024, bias=True)
                  (value): Linear(in_features=1024, out_features=1024, bias=True)
                  (dropout): Dropout(p=0.1, inplace=False)
                )
                (output): RobertaSelfOutput(
                  (dense): Linear(in_features=1024, out_features=1024, bias=True)
                  (LayerNorm): LayerNorm((1024,), eps=1e-05, elementwise_affine=True)
                  (dropout): Dropout(p=0.1, inplace=False)
                )
              )
              (intermediate): RobertaIntermediate(
                (dense): Linear(in_features=1024, out_features=4096, bias=True)
                (intermediate_act_fn): GELUActivation()
              )
              (output): RobertaOutput(
                (dense): Linear(in_features=4096, out_features=1024, bias=True)
                (LayerNorm): LayerNorm((1024,), eps=1e-05, elementwise_affine=True)
                (dropout): Dropout(p=0.1, inplace=False)
              )
            )
            (13): RobertaLayer(
              (attention): RobertaAttention(
                (self): RobertaSelfAttention(
                  (query): Linear(in_features=1024, out_features=1024, bias=True)
                  (key): Linear(in_features=1024, out_features=1024, bias=True)
                  (value): Linear(in_features=1024, out_features=1024, bias=True)
                  (dropout): Dropout(p=0.1, inplace=False)
                )
                (output): RobertaSelfOutput(
                  (dense): Linear(in_features=1024, out_features=1024, bias=True)
                  (LayerNorm): LayerNorm((1024,), eps=1e-05, elementwise_affine=True)
                  (dropout): Dropout(p=0.1, inplace=False)
                )
              )
              (intermediate): RobertaIntermediate(
                (dense): Linear(in_features=1024, out_features=4096, bias=True)
                (intermediate_act_fn): GELUActivation()
              )
              (output): RobertaOutput(
                (dense): Linear(in_features=4096, out_features=1024, bias=True)
                (LayerNorm): LayerNorm((1024,), eps=1e-05, elementwise_affine=True)
                (dropout): Dropout(p=0.1, inplace=False)
              )
            )
            (14): RobertaLayer(
              (attention): RobertaAttention(
                (self): RobertaSelfAttention(
                  (query): Linear(in_features=1024, out_features=1024, bias=True)
                  (key): Linear(in_features=1024, out_features=1024, bias=True)
                  (value): Linear(in_features=1024, out_features=1024, bias=True)
                  (dropout): Dropout(p=0.1, inplace=False)
                )
                (output): RobertaSelfOutput(
                  (dense): Linear(in_features=1024, out_features=1024, bias=True)
                  (LayerNorm): LayerNorm((1024,), eps=1e-05, elementwise_affine=True)
                  (dropout): Dropout(p=0.1, inplace=False)
                )
              )
              (intermediate): RobertaIntermediate(
                (dense): Linear(in_features=1024, out_features=4096, bias=True)
                (intermediate_act_fn): GELUActivation()
              )
              (output): RobertaOutput(
                (dense): Linear(in_features=4096, out_features=1024, bias=True)
                (LayerNorm): LayerNorm((1024,), eps=1e-05, elementwise_affine=True)
                (dropout): Dropout(p=0.1, inplace=False)
              )
            )
            (15): RobertaLayer(
              (attention): RobertaAttention(
                (self): RobertaSelfAttention(
                  (query): Linear(in_features=1024, out_features=1024, bias=True)
                  (key): Linear(in_features=1024, out_features=1024, bias=True)
                  (value): Linear(in_features=1024, out_features=1024, bias=True)
                  (dropout): Dropout(p=0.1, inplace=False)
                )
                (output): RobertaSelfOutput(
                  (dense): Linear(in_features=1024, out_features=1024, bias=True)
                  (LayerNorm): LayerNorm((1024,), eps=1e-05, elementwise_affine=True)
                  (dropout): Dropout(p=0.1, inplace=False)
                )
              )
              (intermediate): RobertaIntermediate(
                (dense): Linear(in_features=1024, out_features=4096, bias=True)
                (intermediate_act_fn): GELUActivation()
              )
              (output): RobertaOutput(
                (dense): Linear(in_features=4096, out_features=1024, bias=True)
                (LayerNorm): LayerNorm((1024,), eps=1e-05, elementwise_affine=True)
                (dropout): Dropout(p=0.1, inplace=False)
              )
            )
            (16): RobertaLayer(
              (attention): RobertaAttention(
                (self): RobertaSelfAttention(
                  (query): Linear(in_features=1024, out_features=1024, bias=True)
                  (key): Linear(in_features=1024, out_features=1024, bias=True)
                  (value): Linear(in_features=1024, out_features=1024, bias=True)
                  (dropout): Dropout(p=0.1, inplace=False)
                )
                (output): RobertaSelfOutput(
                  (dense): Linear(in_features=1024, out_features=1024, bias=True)
                  (LayerNorm): LayerNorm((1024,), eps=1e-05, elementwise_affine=True)
                  (dropout): Dropout(p=0.1, inplace=False)
                )
              )
              (intermediate): RobertaIntermediate(
                (dense): Linear(in_features=1024, out_features=4096, bias=True)
                (intermediate_act_fn): GELUActivation()
              )
              (output): RobertaOutput(
                (dense): Linear(in_features=4096, out_features=1024, bias=True)
                (LayerNorm): LayerNorm((1024,), eps=1e-05, elementwise_affine=True)
                (dropout): Dropout(p=0.1, inplace=False)
              )
            )
            (17): RobertaLayer(
              (attention): RobertaAttention(
                (self): RobertaSelfAttention(
                  (query): Linear(in_features=1024, out_features=1024, bias=True)
                  (key): Linear(in_features=1024, out_features=1024, bias=True)
                  (value): Linear(in_features=1024, out_features=1024, bias=True)
                  (dropout): Dropout(p=0.1, inplace=False)
                )
                (output): RobertaSelfOutput(
                  (dense): Linear(in_features=1024, out_features=1024, bias=True)
                  (LayerNorm): LayerNorm((1024,), eps=1e-05, elementwise_affine=True)
                  (dropout): Dropout(p=0.1, inplace=False)
                )
              )
              (intermediate): RobertaIntermediate(
                (dense): Linear(in_features=1024, out_features=4096, bias=True)
                (intermediate_act_fn): GELUActivation()
              )
              (output): RobertaOutput(
                (dense): Linear(in_features=4096, out_features=1024, bias=True)
                (LayerNorm): LayerNorm((1024,), eps=1e-05, elementwise_affine=True)
                (dropout): Dropout(p=0.1, inplace=False)
              )
            )
            (18): RobertaLayer(
              (attention): RobertaAttention(
                (self): RobertaSelfAttention(
                  (query): Linear(in_features=1024, out_features=1024, bias=True)
                  (key): Linear(in_features=1024, out_features=1024, bias=True)
                  (value): Linear(in_features=1024, out_features=1024, bias=True)
                  (dropout): Dropout(p=0.1, inplace=False)
                )
                (output): RobertaSelfOutput(
                  (dense): Linear(in_features=1024, out_features=1024, bias=True)
                  (LayerNorm): LayerNorm((1024,), eps=1e-05, elementwise_affine=True)
                  (dropout): Dropout(p=0.1, inplace=False)
                )
              )
              (intermediate): RobertaIntermediate(
                (dense): Linear(in_features=1024, out_features=4096, bias=True)
                (intermediate_act_fn): GELUActivation()
              )
              (output): RobertaOutput(
                (dense): Linear(in_features=4096, out_features=1024, bias=True)
                (LayerNorm): LayerNorm((1024,), eps=1e-05, elementwise_affine=True)
                (dropout): Dropout(p=0.1, inplace=False)
              )
            )
            (19): RobertaLayer(
              (attention): RobertaAttention(
                (self): RobertaSelfAttention(
                  (query): Linear(in_features=1024, out_features=1024, bias=True)
                  (key): Linear(in_features=1024, out_features=1024, bias=True)
                  (value): Linear(in_features=1024, out_features=1024, bias=True)
                  (dropout): Dropout(p=0.1, inplace=False)
                )
                (output): RobertaSelfOutput(
                  (dense): Linear(in_features=1024, out_features=1024, bias=True)
                  (LayerNorm): LayerNorm((1024,), eps=1e-05, elementwise_affine=True)
                  (dropout): Dropout(p=0.1, inplace=False)
                )
              )
              (intermediate): RobertaIntermediate(
                (dense): Linear(in_features=1024, out_features=4096, bias=True)
                (intermediate_act_fn): GELUActivation()
              )
              (output): RobertaOutput(
                (dense): Linear(in_features=4096, out_features=1024, bias=True)
                (LayerNorm): LayerNorm((1024,), eps=1e-05, elementwise_affine=True)
                (dropout): Dropout(p=0.1, inplace=False)
              )
            )
            (20): RobertaLayer(
              (attention): RobertaAttention(
                (self): RobertaSelfAttention(
                  (query): Linear(in_features=1024, out_features=1024, bias=True)
                  (key): Linear(in_features=1024, out_features=1024, bias=True)
                  (value): Linear(in_features=1024, out_features=1024, bias=True)
                  (dropout): Dropout(p=0.1, inplace=False)
                )
                (output): RobertaSelfOutput(
                  (dense): Linear(in_features=1024, out_features=1024, bias=True)
                  (LayerNorm): LayerNorm((1024,), eps=1e-05, elementwise_affine=True)
                  (dropout): Dropout(p=0.1, inplace=False)
                )
              )
              (intermediate): RobertaIntermediate(
                (dense): Linear(in_features=1024, out_features=4096, bias=True)
                (intermediate_act_fn): GELUActivation()
              )
              (output): RobertaOutput(
                (dense): Linear(in_features=4096, out_features=1024, bias=True)
                (LayerNorm): LayerNorm((1024,), eps=1e-05, elementwise_affine=True)
                (dropout): Dropout(p=0.1, inplace=False)
              )
            )
            (21): RobertaLayer(
              (attention): RobertaAttention(
                (self): RobertaSelfAttention(
                  (query): Linear(in_features=1024, out_features=1024, bias=True)
                  (key): Linear(in_features=1024, out_features=1024, bias=True)
                  (value): Linear(in_features=1024, out_features=1024, bias=True)
                  (dropout): Dropout(p=0.1, inplace=False)
                )
                (output): RobertaSelfOutput(
                  (dense): Linear(in_features=1024, out_features=1024, bias=True)
                  (LayerNorm): LayerNorm((1024,), eps=1e-05, elementwise_affine=True)
                  (dropout): Dropout(p=0.1, inplace=False)
                )
              )
              (intermediate): RobertaIntermediate(
                (dense): Linear(in_features=1024, out_features=4096, bias=True)
                (intermediate_act_fn): GELUActivation()
              )
              (output): RobertaOutput(
                (dense): Linear(in_features=4096, out_features=1024, bias=True)
                (LayerNorm): LayerNorm((1024,), eps=1e-05, elementwise_affine=True)
                (dropout): Dropout(p=0.1, inplace=False)
              )
            )
            (22): RobertaLayer(
              (attention): RobertaAttention(
                (self): RobertaSelfAttention(
                  (query): Linear(in_features=1024, out_features=1024, bias=True)
                  (key): Linear(in_features=1024, out_features=1024, bias=True)
                  (value): Linear(in_features=1024, out_features=1024, bias=True)
                  (dropout): Dropout(p=0.1, inplace=False)
                )
                (output): RobertaSelfOutput(
                  (dense): Linear(in_features=1024, out_features=1024, bias=True)
                  (LayerNorm): LayerNorm((1024,), eps=1e-05, elementwise_affine=True)
                  (dropout): Dropout(p=0.1, inplace=False)
                )
              )
              (intermediate): RobertaIntermediate(
                (dense): Linear(in_features=1024, out_features=4096, bias=True)
                (intermediate_act_fn): GELUActivation()
              )
              (output): RobertaOutput(
                (dense): Linear(in_features=4096, out_features=1024, bias=True)
                (LayerNorm): LayerNorm((1024,), eps=1e-05, elementwise_affine=True)
                (dropout): Dropout(p=0.1, inplace=False)
              )
            )
            (23): RobertaLayer(
              (attention): RobertaAttention(
                (self): RobertaSelfAttention(
                  (query): Linear(in_features=1024, out_features=1024, bias=True)
                  (key): Linear(in_features=1024, out_features=1024, bias=True)
                  (value): Linear(in_features=1024, out_features=1024, bias=True)
                  (dropout): Dropout(p=0.1, inplace=False)
                )
                (output): RobertaSelfOutput(
                  (dense): Linear(in_features=1024, out_features=1024, bias=True)
                  (LayerNorm): LayerNorm((1024,), eps=1e-05, elementwise_affine=True)
                  (dropout): Dropout(p=0.1, inplace=False)
                )
              )
              (intermediate): RobertaIntermediate(
                (dense): Linear(in_features=1024, out_features=4096, bias=True)
                (intermediate_act_fn): GELUActivation()
              )
              (output): RobertaOutput(
                (dense): Linear(in_features=4096, out_features=1024, bias=True)
                (LayerNorm): LayerNorm((1024,), eps=1e-05, elementwise_affine=True)
                (dropout): Dropout(p=0.1, inplace=False)
              )
            )
          )
        )
        (pooler): RobertaPooler(
          (dense): Linear(in_features=1024, out_features=1024, bias=True)
          (activation): Tanh()
        )
      )
    )
  )
  (word_dropout): WordDropout(p=0.05)
  (locked_dropout): LockedDropout(p=0.5)
  (linear): Linear(in_features=1324, out_features=89, bias=True)
  (loss_function): CrossEntropyLoss()
)"
2022-10-03 08:32:01,150 ----------------------------------------------------------------------------------------------------
2022-10-03 08:32:01,150 Corpus: "Corpus: 10811 train + 5518 dev + 5405 test sentences"
2022-10-03 08:32:01,150 ----------------------------------------------------------------------------------------------------
2022-10-03 08:32:01,151 Parameters:
2022-10-03 08:32:01,151  - learning_rate: "0.000005"
2022-10-03 08:32:01,151  - mini_batch_size: "4"
2022-10-03 08:32:01,151  - patience: "3"
2022-10-03 08:32:01,151  - anneal_factor: "0.5"
2022-10-03 08:32:01,151  - max_epochs: "40"
2022-10-03 08:32:01,151  - shuffle: "True"
2022-10-03 08:32:01,151  - train_with_dev: "False"
2022-10-03 08:32:01,151  - batch_growth_annealing: "False"
2022-10-03 08:32:01,152 ----------------------------------------------------------------------------------------------------
2022-10-03 08:32:01,152 Model training base path: "experiments/corpus_sentence_xlmr_context_we_finetune/an_wh_rs_False_dpt_0_emb_Stack(0_es-wiki-fasttext-300d-1M, 1_1-xlm-roberta-large-cased_FT_True_Ly_-1_seed_1)_lr_5e-06_it_40_bs_4_opti_AdamW_pjct_emb_False_sdl_LinearSchedulerWithWarmup_use_crf_False_use_rnn_False_wup_0.05/0"
2022-10-03 08:32:01,152 ----------------------------------------------------------------------------------------------------
2022-10-03 08:32:01,152 Device: cuda:1
2022-10-03 08:32:01,152 ----------------------------------------------------------------------------------------------------
2022-10-03 08:32:01,152 Embeddings storage mode: gpu
2022-10-03 08:32:01,152 ----------------------------------------------------------------------------------------------------
2022-10-03 08:35:30,047 epoch 1 - iter 270/2703 - loss 5.19972873 - samples/sec: 5.17 - lr: 0.000000
2022-10-03 08:39:11,984 epoch 1 - iter 540/2703 - loss 4.49188107 - samples/sec: 4.87 - lr: 0.000000
2022-10-03 08:42:59,664 epoch 1 - iter 810/2703 - loss 3.17031879 - samples/sec: 4.74 - lr: 0.000001
2022-10-03 08:46:43,111 epoch 1 - iter 1080/2703 - loss 2.55456700 - samples/sec: 4.83 - lr: 0.000001
2022-10-03 08:50:20,133 epoch 1 - iter 1350/2703 - loss 2.22149194 - samples/sec: 4.98 - lr: 0.000001
2022-10-03 08:54:01,319 epoch 1 - iter 1620/2703 - loss 1.94736031 - samples/sec: 4.88 - lr: 0.000001
2022-10-03 08:57:40,630 epoch 1 - iter 1890/2703 - loss 1.76007361 - samples/sec: 4.92 - lr: 0.000002
2022-10-03 09:01:23,822 epoch 1 - iter 2160/2703 - loss 1.58594572 - samples/sec: 4.84 - lr: 0.000002
2022-10-03 09:05:09,977 epoch 1 - iter 2430/2703 - loss 1.45018184 - samples/sec: 4.78 - lr: 0.000002
2022-10-03 09:08:48,296 epoch 1 - iter 2700/2703 - loss 1.35712496 - samples/sec: 4.95 - lr: 0.000002
2022-10-03 09:08:51,188 ----------------------------------------------------------------------------------------------------
2022-10-03 09:08:51,188 EPOCH 1 done: loss 1.3550 - lr 0.000002
2022-10-03 09:15:22,350 Evaluating as a multi-label problem: False
2022-10-03 09:15:22,406 DEV : loss 0.12442025542259216 - f1-score (micro avg)  0.7708
2022-10-03 09:15:22,777 BAD EPOCHS (no improvement): 4
2022-10-03 09:15:22,817 saving best model
2022-10-03 09:15:30,665 ----------------------------------------------------------------------------------------------------
2022-10-03 09:19:16,912 epoch 2 - iter 270/2703 - loss 0.38465997 - samples/sec: 4.77 - lr: 0.000003
2022-10-03 09:23:06,569 epoch 2 - iter 540/2703 - loss 0.35454437 - samples/sec: 4.70 - lr: 0.000003
2022-10-03 09:26:51,088 epoch 2 - iter 810/2703 - loss 0.35038970 - samples/sec: 4.81 - lr: 0.000003
2022-10-03 09:30:32,933 epoch 2 - iter 1080/2703 - loss 0.33956783 - samples/sec: 4.87 - lr: 0.000003
2022-10-03 09:34:29,820 epoch 2 - iter 1350/2703 - loss 0.33272826 - samples/sec: 4.56 - lr: 0.000004
2022-10-03 09:38:14,185 epoch 2 - iter 1620/2703 - loss 0.32680469 - samples/sec: 4.81 - lr: 0.000004
2022-10-03 09:41:55,887 epoch 2 - iter 1890/2703 - loss 0.32337045 - samples/sec: 4.87 - lr: 0.000004
2022-10-03 09:45:44,961 epoch 2 - iter 2160/2703 - loss 0.31966368 - samples/sec: 4.71 - lr: 0.000004
2022-10-03 09:49:24,015 epoch 2 - iter 2430/2703 - loss 0.31814148 - samples/sec: 4.93 - lr: 0.000005
2022-10-03 09:53:14,761 epoch 2 - iter 2700/2703 - loss 0.31586453 - samples/sec: 4.68 - lr: 0.000005
2022-10-03 09:53:16,989 ----------------------------------------------------------------------------------------------------
2022-10-03 09:53:16,989 EPOCH 2 done: loss 0.3159 - lr 0.000005
2022-10-03 09:59:47,929 Evaluating as a multi-label problem: False
2022-10-03 09:59:47,988 DEV : loss 0.05058528855443001 - f1-score (micro avg)  0.8762
2022-10-03 09:59:48,383 BAD EPOCHS (no improvement): 4
2022-10-03 09:59:48,388 saving best model
2022-10-03 10:00:12,596 ----------------------------------------------------------------------------------------------------
2022-10-03 10:04:01,108 epoch 3 - iter 270/2703 - loss 0.29190239 - samples/sec: 4.73 - lr: 0.000005
2022-10-03 10:07:47,788 epoch 3 - iter 540/2703 - loss 0.28706573 - samples/sec: 4.76 - lr: 0.000005
2022-10-03 10:11:36,684 epoch 3 - iter 810/2703 - loss 0.28457320 - samples/sec: 4.72 - lr: 0.000005
2022-10-03 10:15:28,306 epoch 3 - iter 1080/2703 - loss 0.27982475 - samples/sec: 4.66 - lr: 0.000005
2022-10-03 10:19:15,516 epoch 3 - iter 1350/2703 - loss 0.27771375 - samples/sec: 4.75 - lr: 0.000005
2022-10-03 10:23:04,239 epoch 3 - iter 1620/2703 - loss 0.27632047 - samples/sec: 4.72 - lr: 0.000005
2022-10-03 10:26:45,779 epoch 3 - iter 1890/2703 - loss 0.27463913 - samples/sec: 4.88 - lr: 0.000005
