2022-10-03 10:28:46,442 ----------------------------------------------------------------------------------------------------
2022-10-03 10:28:46,445 Model: "SequenceTagger(
  (embeddings): StackedEmbeddings(
    (list_embedding_0): WordEmbeddings(
      'es'
      (embedding): Embedding(985667, 300)
      (layer_norm): LayerNorm((300,), eps=1e-05, elementwise_affine=False)
    )
    (list_embedding_1): TransformerWordEmbeddings(
      (model): XLMRobertaModel(
        (embeddings): RobertaEmbeddings(
          (word_embeddings): Embedding(250002, 1024, padding_idx=1)
          (position_embeddings): Embedding(514, 1024, padding_idx=1)
          (token_type_embeddings): Embedding(1, 1024)
          (LayerNorm): LayerNorm((1024,), eps=1e-05, elementwise_affine=True)
          (dropout): Dropout(p=0.1, inplace=False)
        )
        (encoder): RobertaEncoder(
          (layer): ModuleList(
            (0): RobertaLayer(
              (attention): RobertaAttention(
                (self): RobertaSelfAttention(
                  (query): Linear(in_features=1024, out_features=1024, bias=True)
                  (key): Linear(in_features=1024, out_features=1024, bias=True)
                  (value): Linear(in_features=1024, out_features=1024, bias=True)
                  (dropout): Dropout(p=0.1, inplace=False)
                )
                (output): RobertaSelfOutput(
                  (dense): Linear(in_features=1024, out_features=1024, bias=True)
                  (LayerNorm): LayerNorm((1024,), eps=1e-05, elementwise_affine=True)
                  (dropout): Dropout(p=0.1, inplace=False)
                )
              )
              (intermediate): RobertaIntermediate(
                (dense): Linear(in_features=1024, out_features=4096, bias=True)
                (intermediate_act_fn): GELUActivation()
              )
              (output): RobertaOutput(
                (dense): Linear(in_features=4096, out_features=1024, bias=True)
                (LayerNorm): LayerNorm((1024,), eps=1e-05, elementwise_affine=True)
                (dropout): Dropout(p=0.1, inplace=False)
              )
            )
            (1): RobertaLayer(
              (attention): RobertaAttention(
                (self): RobertaSelfAttention(
                  (query): Linear(in_features=1024, out_features=1024, bias=True)
                  (key): Linear(in_features=1024, out_features=1024, bias=True)
                  (value): Linear(in_features=1024, out_features=1024, bias=True)
                  (dropout): Dropout(p=0.1, inplace=False)
                )
                (output): RobertaSelfOutput(
                  (dense): Linear(in_features=1024, out_features=1024, bias=True)
                  (LayerNorm): LayerNorm((1024,), eps=1e-05, elementwise_affine=True)
                  (dropout): Dropout(p=0.1, inplace=False)
                )
              )
              (intermediate): RobertaIntermediate(
                (dense): Linear(in_features=1024, out_features=4096, bias=True)
                (intermediate_act_fn): GELUActivation()
              )
              (output): RobertaOutput(
                (dense): Linear(in_features=4096, out_features=1024, bias=True)
                (LayerNorm): LayerNorm((1024,), eps=1e-05, elementwise_affine=True)
                (dropout): Dropout(p=0.1, inplace=False)
              )
            )
            (2): RobertaLayer(
              (attention): RobertaAttention(
                (self): RobertaSelfAttention(
                  (query): Linear(in_features=1024, out_features=1024, bias=True)
                  (key): Linear(in_features=1024, out_features=1024, bias=True)
                  (value): Linear(in_features=1024, out_features=1024, bias=True)
                  (dropout): Dropout(p=0.1, inplace=False)
                )
                (output): RobertaSelfOutput(
                  (dense): Linear(in_features=1024, out_features=1024, bias=True)
                  (LayerNorm): LayerNorm((1024,), eps=1e-05, elementwise_affine=True)
                  (dropout): Dropout(p=0.1, inplace=False)
                )
              )
              (intermediate): RobertaIntermediate(
                (dense): Linear(in_features=1024, out_features=4096, bias=True)
                (intermediate_act_fn): GELUActivation()
              )
              (output): RobertaOutput(
                (dense): Linear(in_features=4096, out_features=1024, bias=True)
                (LayerNorm): LayerNorm((1024,), eps=1e-05, elementwise_affine=True)
                (dropout): Dropout(p=0.1, inplace=False)
              )
            )
            (3): RobertaLayer(
              (attention): RobertaAttention(
                (self): RobertaSelfAttention(
                  (query): Linear(in_features=1024, out_features=1024, bias=True)
                  (key): Linear(in_features=1024, out_features=1024, bias=True)
                  (value): Linear(in_features=1024, out_features=1024, bias=True)
                  (dropout): Dropout(p=0.1, inplace=False)
                )
                (output): RobertaSelfOutput(
                  (dense): Linear(in_features=1024, out_features=1024, bias=True)
                  (LayerNorm): LayerNorm((1024,), eps=1e-05, elementwise_affine=True)
                  (dropout): Dropout(p=0.1, inplace=False)
                )
              )
              (intermediate): RobertaIntermediate(
                (dense): Linear(in_features=1024, out_features=4096, bias=True)
                (intermediate_act_fn): GELUActivation()
              )
              (output): RobertaOutput(
                (dense): Linear(in_features=4096, out_features=1024, bias=True)
                (LayerNorm): LayerNorm((1024,), eps=1e-05, elementwise_affine=True)
                (dropout): Dropout(p=0.1, inplace=False)
              )
            )
            (4): RobertaLayer(
              (attention): RobertaAttention(
                (self): RobertaSelfAttention(
                  (query): Linear(in_features=1024, out_features=1024, bias=True)
                  (key): Linear(in_features=1024, out_features=1024, bias=True)
                  (value): Linear(in_features=1024, out_features=1024, bias=True)
                  (dropout): Dropout(p=0.1, inplace=False)
                )
                (output): RobertaSelfOutput(
                  (dense): Linear(in_features=1024, out_features=1024, bias=True)
                  (LayerNorm): LayerNorm((1024,), eps=1e-05, elementwise_affine=True)
                  (dropout): Dropout(p=0.1, inplace=False)
                )
              )
              (intermediate): RobertaIntermediate(
                (dense): Linear(in_features=1024, out_features=4096, bias=True)
                (intermediate_act_fn): GELUActivation()
              )
              (output): RobertaOutput(
                (dense): Linear(in_features=4096, out_features=1024, bias=True)
                (LayerNorm): LayerNorm((1024,), eps=1e-05, elementwise_affine=True)
                (dropout): Dropout(p=0.1, inplace=False)
              )
            )
            (5): RobertaLayer(
              (attention): RobertaAttention(
                (self): RobertaSelfAttention(
                  (query): Linear(in_features=1024, out_features=1024, bias=True)
                  (key): Linear(in_features=1024, out_features=1024, bias=True)
                  (value): Linear(in_features=1024, out_features=1024, bias=True)
                  (dropout): Dropout(p=0.1, inplace=False)
                )
                (output): RobertaSelfOutput(
                  (dense): Linear(in_features=1024, out_features=1024, bias=True)
                  (LayerNorm): LayerNorm((1024,), eps=1e-05, elementwise_affine=True)
                  (dropout): Dropout(p=0.1, inplace=False)
                )
              )
              (intermediate): RobertaIntermediate(
                (dense): Linear(in_features=1024, out_features=4096, bias=True)
                (intermediate_act_fn): GELUActivation()
              )
              (output): RobertaOutput(
                (dense): Linear(in_features=4096, out_features=1024, bias=True)
                (LayerNorm): LayerNorm((1024,), eps=1e-05, elementwise_affine=True)
                (dropout): Dropout(p=0.1, inplace=False)
              )
            )
            (6): RobertaLayer(
              (attention): RobertaAttention(
                (self): RobertaSelfAttention(
                  (query): Linear(in_features=1024, out_features=1024, bias=True)
                  (key): Linear(in_features=1024, out_features=1024, bias=True)
                  (value): Linear(in_features=1024, out_features=1024, bias=True)
                  (dropout): Dropout(p=0.1, inplace=False)
                )
                (output): RobertaSelfOutput(
                  (dense): Linear(in_features=1024, out_features=1024, bias=True)
                  (LayerNorm): LayerNorm((1024,), eps=1e-05, elementwise_affine=True)
                  (dropout): Dropout(p=0.1, inplace=False)
                )
              )
              (intermediate): RobertaIntermediate(
                (dense): Linear(in_features=1024, out_features=4096, bias=True)
                (intermediate_act_fn): GELUActivation()
              )
              (output): RobertaOutput(
                (dense): Linear(in_features=4096, out_features=1024, bias=True)
                (LayerNorm): LayerNorm((1024,), eps=1e-05, elementwise_affine=True)
                (dropout): Dropout(p=0.1, inplace=False)
              )
            )
            (7): RobertaLayer(
              (attention): RobertaAttention(
                (self): RobertaSelfAttention(
                  (query): Linear(in_features=1024, out_features=1024, bias=True)
                  (key): Linear(in_features=1024, out_features=1024, bias=True)
                  (value): Linear(in_features=1024, out_features=1024, bias=True)
                  (dropout): Dropout(p=0.1, inplace=False)
                )
                (output): RobertaSelfOutput(
                  (dense): Linear(in_features=1024, out_features=1024, bias=True)
                  (LayerNorm): LayerNorm((1024,), eps=1e-05, elementwise_affine=True)
                  (dropout): Dropout(p=0.1, inplace=False)
                )
              )
              (intermediate): RobertaIntermediate(
                (dense): Linear(in_features=1024, out_features=4096, bias=True)
                (intermediate_act_fn): GELUActivation()
              )
              (output): RobertaOutput(
                (dense): Linear(in_features=4096, out_features=1024, bias=True)
                (LayerNorm): LayerNorm((1024,), eps=1e-05, elementwise_affine=True)
                (dropout): Dropout(p=0.1, inplace=False)
              )
            )
            (8): RobertaLayer(
              (attention): RobertaAttention(
                (self): RobertaSelfAttention(
                  (query): Linear(in_features=1024, out_features=1024, bias=True)
                  (key): Linear(in_features=1024, out_features=1024, bias=True)
                  (value): Linear(in_features=1024, out_features=1024, bias=True)
                  (dropout): Dropout(p=0.1, inplace=False)
                )
                (output): RobertaSelfOutput(
                  (dense): Linear(in_features=1024, out_features=1024, bias=True)
                  (LayerNorm): LayerNorm((1024,), eps=1e-05, elementwise_affine=True)
                  (dropout): Dropout(p=0.1, inplace=False)
                )
              )
              (intermediate): RobertaIntermediate(
                (dense): Linear(in_features=1024, out_features=4096, bias=True)
                (intermediate_act_fn): GELUActivation()
              )
              (output): RobertaOutput(
                (dense): Linear(in_features=4096, out_features=1024, bias=True)
                (LayerNorm): LayerNorm((1024,), eps=1e-05, elementwise_affine=True)
                (dropout): Dropout(p=0.1, inplace=False)
              )
            )
            (9): RobertaLayer(
              (attention): RobertaAttention(
                (self): RobertaSelfAttention(
                  (query): Linear(in_features=1024, out_features=1024, bias=True)
                  (key): Linear(in_features=1024, out_features=1024, bias=True)
                  (value): Linear(in_features=1024, out_features=1024, bias=True)
                  (dropout): Dropout(p=0.1, inplace=False)
                )
                (output): RobertaSelfOutput(
                  (dense): Linear(in_features=1024, out_features=1024, bias=True)
                  (LayerNorm): LayerNorm((1024,), eps=1e-05, elementwise_affine=True)
                  (dropout): Dropout(p=0.1, inplace=False)
                )
              )
              (intermediate): RobertaIntermediate(
                (dense): Linear(in_features=1024, out_features=4096, bias=True)
                (intermediate_act_fn): GELUActivation()
              )
              (output): RobertaOutput(
                (dense): Linear(in_features=4096, out_features=1024, bias=True)
                (LayerNorm): LayerNorm((1024,), eps=1e-05, elementwise_affine=True)
                (dropout): Dropout(p=0.1, inplace=False)
              )
            )
            (10): RobertaLayer(
              (attention): RobertaAttention(
                (self): RobertaSelfAttention(
                  (query): Linear(in_features=1024, out_features=1024, bias=True)
                  (key): Linear(in_features=1024, out_features=1024, bias=True)
                  (value): Linear(in_features=1024, out_features=1024, bias=True)
                  (dropout): Dropout(p=0.1, inplace=False)
                )
                (output): RobertaSelfOutput(
                  (dense): Linear(in_features=1024, out_features=1024, bias=True)
                  (LayerNorm): LayerNorm((1024,), eps=1e-05, elementwise_affine=True)
                  (dropout): Dropout(p=0.1, inplace=False)
                )
              )
              (intermediate): RobertaIntermediate(
                (dense): Linear(in_features=1024, out_features=4096, bias=True)
                (intermediate_act_fn): GELUActivation()
              )
              (output): RobertaOutput(
                (dense): Linear(in_features=4096, out_features=1024, bias=True)
                (LayerNorm): LayerNorm((1024,), eps=1e-05, elementwise_affine=True)
                (dropout): Dropout(p=0.1, inplace=False)
              )
            )
            (11): RobertaLayer(
              (attention): RobertaAttention(
                (self): RobertaSelfAttention(
                  (query): Linear(in_features=1024, out_features=1024, bias=True)
                  (key): Linear(in_features=1024, out_features=1024, bias=True)
                  (value): Linear(in_features=1024, out_features=1024, bias=True)
                  (dropout): Dropout(p=0.1, inplace=False)
                )
                (output): RobertaSelfOutput(
                  (dense): Linear(in_features=1024, out_features=1024, bias=True)
                  (LayerNorm): LayerNorm((1024,), eps=1e-05, elementwise_affine=True)
                  (dropout): Dropout(p=0.1, inplace=False)
                )
              )
              (intermediate): RobertaIntermediate(
                (dense): Linear(in_features=1024, out_features=4096, bias=True)
                (intermediate_act_fn): GELUActivation()
              )
              (output): RobertaOutput(
                (dense): Linear(in_features=4096, out_features=1024, bias=True)
                (LayerNorm): LayerNorm((1024,), eps=1e-05, elementwise_affine=True)
                (dropout): Dropout(p=0.1, inplace=False)
              )
            )
            (12): RobertaLayer(
              (attention): RobertaAttention(
                (self): RobertaSelfAttention(
                  (query): Linear(in_features=1024, out_features=1024, bias=True)
                  (key): Linear(in_features=1024, out_features=1024, bias=True)
                  (value): Linear(in_features=1024, out_features=1024, bias=True)
                  (dropout): Dropout(p=0.1, inplace=False)
                )
                (output): RobertaSelfOutput(
                  (dense): Linear(in_features=1024, out_features=1024, bias=True)
                  (LayerNorm): LayerNorm((1024,), eps=1e-05, elementwise_affine=True)
                  (dropout): Dropout(p=0.1, inplace=False)
                )
              )
              (intermediate): RobertaIntermediate(
                (dense): Linear(in_features=1024, out_features=4096, bias=True)
                (intermediate_act_fn): GELUActivation()
              )
              (output): RobertaOutput(
                (dense): Linear(in_features=4096, out_features=1024, bias=True)
                (LayerNorm): LayerNorm((1024,), eps=1e-05, elementwise_affine=True)
                (dropout): Dropout(p=0.1, inplace=False)
              )
            )
            (13): RobertaLayer(
              (attention): RobertaAttention(
                (self): RobertaSelfAttention(
                  (query): Linear(in_features=1024, out_features=1024, bias=True)
                  (key): Linear(in_features=1024, out_features=1024, bias=True)
                  (value): Linear(in_features=1024, out_features=1024, bias=True)
                  (dropout): Dropout(p=0.1, inplace=False)
                )
                (output): RobertaSelfOutput(
                  (dense): Linear(in_features=1024, out_features=1024, bias=True)
                  (LayerNorm): LayerNorm((1024,), eps=1e-05, elementwise_affine=True)
                  (dropout): Dropout(p=0.1, inplace=False)
                )
              )
              (intermediate): RobertaIntermediate(
                (dense): Linear(in_features=1024, out_features=4096, bias=True)
                (intermediate_act_fn): GELUActivation()
              )
              (output): RobertaOutput(
                (dense): Linear(in_features=4096, out_features=1024, bias=True)
                (LayerNorm): LayerNorm((1024,), eps=1e-05, elementwise_affine=True)
                (dropout): Dropout(p=0.1, inplace=False)
              )
            )
            (14): RobertaLayer(
              (attention): RobertaAttention(
                (self): RobertaSelfAttention(
                  (query): Linear(in_features=1024, out_features=1024, bias=True)
                  (key): Linear(in_features=1024, out_features=1024, bias=True)
                  (value): Linear(in_features=1024, out_features=1024, bias=True)
                  (dropout): Dropout(p=0.1, inplace=False)
                )
                (output): RobertaSelfOutput(
                  (dense): Linear(in_features=1024, out_features=1024, bias=True)
                  (LayerNorm): LayerNorm((1024,), eps=1e-05, elementwise_affine=True)
                  (dropout): Dropout(p=0.1, inplace=False)
                )
              )
              (intermediate): RobertaIntermediate(
                (dense): Linear(in_features=1024, out_features=4096, bias=True)
                (intermediate_act_fn): GELUActivation()
              )
              (output): RobertaOutput(
                (dense): Linear(in_features=4096, out_features=1024, bias=True)
                (LayerNorm): LayerNorm((1024,), eps=1e-05, elementwise_affine=True)
                (dropout): Dropout(p=0.1, inplace=False)
              )
            )
            (15): RobertaLayer(
              (attention): RobertaAttention(
                (self): RobertaSelfAttention(
                  (query): Linear(in_features=1024, out_features=1024, bias=True)
                  (key): Linear(in_features=1024, out_features=1024, bias=True)
                  (value): Linear(in_features=1024, out_features=1024, bias=True)
                  (dropout): Dropout(p=0.1, inplace=False)
                )
                (output): RobertaSelfOutput(
                  (dense): Linear(in_features=1024, out_features=1024, bias=True)
                  (LayerNorm): LayerNorm((1024,), eps=1e-05, elementwise_affine=True)
                  (dropout): Dropout(p=0.1, inplace=False)
                )
              )
              (intermediate): RobertaIntermediate(
                (dense): Linear(in_features=1024, out_features=4096, bias=True)
                (intermediate_act_fn): GELUActivation()
              )
              (output): RobertaOutput(
                (dense): Linear(in_features=4096, out_features=1024, bias=True)
                (LayerNorm): LayerNorm((1024,), eps=1e-05, elementwise_affine=True)
                (dropout): Dropout(p=0.1, inplace=False)
              )
            )
            (16): RobertaLayer(
              (attention): RobertaAttention(
                (self): RobertaSelfAttention(
                  (query): Linear(in_features=1024, out_features=1024, bias=True)
                  (key): Linear(in_features=1024, out_features=1024, bias=True)
                  (value): Linear(in_features=1024, out_features=1024, bias=True)
                  (dropout): Dropout(p=0.1, inplace=False)
                )
                (output): RobertaSelfOutput(
                  (dense): Linear(in_features=1024, out_features=1024, bias=True)
                  (LayerNorm): LayerNorm((1024,), eps=1e-05, elementwise_affine=True)
                  (dropout): Dropout(p=0.1, inplace=False)
                )
              )
              (intermediate): RobertaIntermediate(
                (dense): Linear(in_features=1024, out_features=4096, bias=True)
                (intermediate_act_fn): GELUActivation()
              )
              (output): RobertaOutput(
                (dense): Linear(in_features=4096, out_features=1024, bias=True)
                (LayerNorm): LayerNorm((1024,), eps=1e-05, elementwise_affine=True)
                (dropout): Dropout(p=0.1, inplace=False)
              )
            )
            (17): RobertaLayer(
              (attention): RobertaAttention(
                (self): RobertaSelfAttention(
                  (query): Linear(in_features=1024, out_features=1024, bias=True)
                  (key): Linear(in_features=1024, out_features=1024, bias=True)
                  (value): Linear(in_features=1024, out_features=1024, bias=True)
                  (dropout): Dropout(p=0.1, inplace=False)
                )
                (output): RobertaSelfOutput(
                  (dense): Linear(in_features=1024, out_features=1024, bias=True)
                  (LayerNorm): LayerNorm((1024,), eps=1e-05, elementwise_affine=True)
                  (dropout): Dropout(p=0.1, inplace=False)
                )
              )
              (intermediate): RobertaIntermediate(
                (dense): Linear(in_features=1024, out_features=4096, bias=True)
                (intermediate_act_fn): GELUActivation()
              )
              (output): RobertaOutput(
                (dense): Linear(in_features=4096, out_features=1024, bias=True)
                (LayerNorm): LayerNorm((1024,), eps=1e-05, elementwise_affine=True)
                (dropout): Dropout(p=0.1, inplace=False)
              )
            )
            (18): RobertaLayer(
              (attention): RobertaAttention(
                (self): RobertaSelfAttention(
                  (query): Linear(in_features=1024, out_features=1024, bias=True)
                  (key): Linear(in_features=1024, out_features=1024, bias=True)
                  (value): Linear(in_features=1024, out_features=1024, bias=True)
                  (dropout): Dropout(p=0.1, inplace=False)
                )
                (output): RobertaSelfOutput(
                  (dense): Linear(in_features=1024, out_features=1024, bias=True)
                  (LayerNorm): LayerNorm((1024,), eps=1e-05, elementwise_affine=True)
                  (dropout): Dropout(p=0.1, inplace=False)
                )
              )
              (intermediate): RobertaIntermediate(
                (dense): Linear(in_features=1024, out_features=4096, bias=True)
                (intermediate_act_fn): GELUActivation()
              )
              (output): RobertaOutput(
                (dense): Linear(in_features=4096, out_features=1024, bias=True)
                (LayerNorm): LayerNorm((1024,), eps=1e-05, elementwise_affine=True)
                (dropout): Dropout(p=0.1, inplace=False)
              )
            )
            (19): RobertaLayer(
              (attention): RobertaAttention(
                (self): RobertaSelfAttention(
                  (query): Linear(in_features=1024, out_features=1024, bias=True)
                  (key): Linear(in_features=1024, out_features=1024, bias=True)
                  (value): Linear(in_features=1024, out_features=1024, bias=True)
                  (dropout): Dropout(p=0.1, inplace=False)
                )
                (output): RobertaSelfOutput(
                  (dense): Linear(in_features=1024, out_features=1024, bias=True)
                  (LayerNorm): LayerNorm((1024,), eps=1e-05, elementwise_affine=True)
                  (dropout): Dropout(p=0.1, inplace=False)
                )
              )
              (intermediate): RobertaIntermediate(
                (dense): Linear(in_features=1024, out_features=4096, bias=True)
                (intermediate_act_fn): GELUActivation()
              )
              (output): RobertaOutput(
                (dense): Linear(in_features=4096, out_features=1024, bias=True)
                (LayerNorm): LayerNorm((1024,), eps=1e-05, elementwise_affine=True)
                (dropout): Dropout(p=0.1, inplace=False)
              )
            )
            (20): RobertaLayer(
              (attention): RobertaAttention(
                (self): RobertaSelfAttention(
                  (query): Linear(in_features=1024, out_features=1024, bias=True)
                  (key): Linear(in_features=1024, out_features=1024, bias=True)
                  (value): Linear(in_features=1024, out_features=1024, bias=True)
                  (dropout): Dropout(p=0.1, inplace=False)
                )
                (output): RobertaSelfOutput(
                  (dense): Linear(in_features=1024, out_features=1024, bias=True)
                  (LayerNorm): LayerNorm((1024,), eps=1e-05, elementwise_affine=True)
                  (dropout): Dropout(p=0.1, inplace=False)
                )
              )
              (intermediate): RobertaIntermediate(
                (dense): Linear(in_features=1024, out_features=4096, bias=True)
                (intermediate_act_fn): GELUActivation()
              )
              (output): RobertaOutput(
                (dense): Linear(in_features=4096, out_features=1024, bias=True)
                (LayerNorm): LayerNorm((1024,), eps=1e-05, elementwise_affine=True)
                (dropout): Dropout(p=0.1, inplace=False)
              )
            )
            (21): RobertaLayer(
              (attention): RobertaAttention(
                (self): RobertaSelfAttention(
                  (query): Linear(in_features=1024, out_features=1024, bias=True)
                  (key): Linear(in_features=1024, out_features=1024, bias=True)
                  (value): Linear(in_features=1024, out_features=1024, bias=True)
                  (dropout): Dropout(p=0.1, inplace=False)
                )
                (output): RobertaSelfOutput(
                  (dense): Linear(in_features=1024, out_features=1024, bias=True)
                  (LayerNorm): LayerNorm((1024,), eps=1e-05, elementwise_affine=True)
                  (dropout): Dropout(p=0.1, inplace=False)
                )
              )
              (intermediate): RobertaIntermediate(
                (dense): Linear(in_features=1024, out_features=4096, bias=True)
                (intermediate_act_fn): GELUActivation()
              )
              (output): RobertaOutput(
                (dense): Linear(in_features=4096, out_features=1024, bias=True)
                (LayerNorm): LayerNorm((1024,), eps=1e-05, elementwise_affine=True)
                (dropout): Dropout(p=0.1, inplace=False)
              )
            )
            (22): RobertaLayer(
              (attention): RobertaAttention(
                (self): RobertaSelfAttention(
                  (query): Linear(in_features=1024, out_features=1024, bias=True)
                  (key): Linear(in_features=1024, out_features=1024, bias=True)
                  (value): Linear(in_features=1024, out_features=1024, bias=True)
                  (dropout): Dropout(p=0.1, inplace=False)
                )
                (output): RobertaSelfOutput(
                  (dense): Linear(in_features=1024, out_features=1024, bias=True)
                  (LayerNorm): LayerNorm((1024,), eps=1e-05, elementwise_affine=True)
                  (dropout): Dropout(p=0.1, inplace=False)
                )
              )
              (intermediate): RobertaIntermediate(
                (dense): Linear(in_features=1024, out_features=4096, bias=True)
                (intermediate_act_fn): GELUActivation()
              )
              (output): RobertaOutput(
                (dense): Linear(in_features=4096, out_features=1024, bias=True)
                (LayerNorm): LayerNorm((1024,), eps=1e-05, elementwise_affine=True)
                (dropout): Dropout(p=0.1, inplace=False)
              )
            )
            (23): RobertaLayer(
              (attention): RobertaAttention(
                (self): RobertaSelfAttention(
                  (query): Linear(in_features=1024, out_features=1024, bias=True)
                  (key): Linear(in_features=1024, out_features=1024, bias=True)
                  (value): Linear(in_features=1024, out_features=1024, bias=True)
                  (dropout): Dropout(p=0.1, inplace=False)
                )
                (output): RobertaSelfOutput(
                  (dense): Linear(in_features=1024, out_features=1024, bias=True)
                  (LayerNorm): LayerNorm((1024,), eps=1e-05, elementwise_affine=True)
                  (dropout): Dropout(p=0.1, inplace=False)
                )
              )
              (intermediate): RobertaIntermediate(
                (dense): Linear(in_features=1024, out_features=4096, bias=True)
                (intermediate_act_fn): GELUActivation()
              )
              (output): RobertaOutput(
                (dense): Linear(in_features=4096, out_features=1024, bias=True)
                (LayerNorm): LayerNorm((1024,), eps=1e-05, elementwise_affine=True)
                (dropout): Dropout(p=0.1, inplace=False)
              )
            )
          )
        )
        (pooler): RobertaPooler(
          (dense): Linear(in_features=1024, out_features=1024, bias=True)
          (activation): Tanh()
        )
      )
    )
  )
  (word_dropout): WordDropout(p=0.05)
  (locked_dropout): LockedDropout(p=0.5)
  (linear): Linear(in_features=1324, out_features=89, bias=True)
  (loss_function): CrossEntropyLoss()
)"
2022-10-03 10:28:46,447 ----------------------------------------------------------------------------------------------------
2022-10-03 10:28:46,447 Corpus: "Corpus: 10811 train + 5518 dev + 5405 test sentences"
2022-10-03 10:28:46,447 ----------------------------------------------------------------------------------------------------
2022-10-03 10:28:46,447 Parameters:
2022-10-03 10:28:46,447  - learning_rate: "0.000005"
2022-10-03 10:28:46,447  - mini_batch_size: "4"
2022-10-03 10:28:46,447  - patience: "3"
2022-10-03 10:28:46,447  - anneal_factor: "0.5"
2022-10-03 10:28:46,447  - max_epochs: "40"
2022-10-03 10:28:46,448  - shuffle: "True"
2022-10-03 10:28:46,448  - train_with_dev: "False"
2022-10-03 10:28:46,448  - batch_growth_annealing: "False"
2022-10-03 10:28:46,448 ----------------------------------------------------------------------------------------------------
2022-10-03 10:28:46,448 Model training base path: "experiments/corpus_sentence_xlmr_context_we_finetune/an_wh_rs_False_dpt_0_emb_Stack(0_es-wiki-fasttext-300d-1M, 1_1-xlm-roberta-large-cased_FT_True_Ly_-1_seed_12)_lr_5e-06_it_40_bs_4_opti_AdamW_pjct_emb_False_sdl_LinearSchedulerWithWarmup_use_crf_False_use_rnn_False_wup_0.05/0"
2022-10-03 10:28:46,448 ----------------------------------------------------------------------------------------------------
2022-10-03 10:28:46,448 Device: cuda:1
2022-10-03 10:28:46,448 ----------------------------------------------------------------------------------------------------
2022-10-03 10:28:46,448 Embeddings storage mode: gpu
2022-10-03 10:28:46,448 ----------------------------------------------------------------------------------------------------
2022-10-03 10:32:16,677 epoch 1 - iter 270/2703 - loss 4.38194353 - samples/sec: 5.14 - lr: 0.000000
2022-10-03 10:35:55,439 epoch 1 - iter 540/2703 - loss 3.97572907 - samples/sec: 4.94 - lr: 0.000000
2022-10-03 10:39:38,318 epoch 1 - iter 810/2703 - loss 2.87734249 - samples/sec: 4.85 - lr: 0.000001
2022-10-03 10:41:23,200 ----------------------------------------------------------------------------------------------------
2022-10-03 10:41:23,202 Exiting from training early.
2022-10-03 10:41:23,202 Saving model ...
